<?xml version="1.0" encoding="UTF-8"?>
<testng-results skipped="0" failed="0" ignored="0" total="1" passed="1">
  <reporter-output>
  </reporter-output>
  <suite name="Default suite" duration-ms="320" started-at="2020-04-04T01:50:00Z" finished-at="2020-04-04T01:50:01Z">
    <groups>
    </groups>
    <test name="Default test" duration-ms="320" started-at="2020-04-04T01:50:00Z" finished-at="2020-04-04T01:50:01Z">
      <class name="sunwing.testcases.SignInTest">
        <test-method status="PASS" signature="setUp()[pri:0, instance:sunwing.testcases.SignInTest@77659b30]" name="setUp" is-config="true" duration-ms="2487" started-at="2020-04-04T01:49:58Z" finished-at="2020-04-04T01:50:00Z">
          <reporter-output>
          </reporter-output>
        </test-method> <!-- setUp -->
        <test-method status="PASS" signature="signInLink()[pri:0, instance:sunwing.testcases.SignInTest@77659b30]" name="signInLink" duration-ms="279" started-at="2020-04-04T01:50:00Z" finished-at="2020-04-04T01:50:01Z">
          <reporter-output>
          </reporter-output>
        </test-method> <!-- signInLink -->
        <test-method status="PASS" signature="teardown()[pri:0, instance:sunwing.testcases.SignInTest@77659b30]" name="teardown" is-config="true" duration-ms="985" started-at="2020-04-04T01:50:01Z" finished-at="2020-04-04T01:50:02Z">
          <reporter-output>
          </reporter-output>
        </test-method> <!-- teardown -->
      </class> <!-- sunwing.testcases.SignInTest -->
    </test> <!-- Default test -->
  </suite> <!-- Default suite -->
</testng-results>
